<?xml version="1.0" encoding="UTF-8"?>
<!-- Generated by org.testng.reporters.JUnitReportReporter -->
<testsuite hostname="DESKTOP-2Q75ANP" failures="0" tests="2" name="PageTest.HomeTest" time="1.247" errors="0" timestamp="2024-04-25T08:51:48 IST" skipped="0">
  <testcase classname="PageTest.HomeTest" name="validateTitle" time="0.067"/>
  <system-out/>
  <testcase classname="PageTest.HomeTest" name="navToSingleMalt" time="1.180"/>
  <system-out/>
</testsuite> <!-- PageTest.HomeTest -->
