<?xml version="1.0" encoding="UTF-8"?>
<!-- Generated by org.testng.reporters.JUnitReportReporter -->
<testsuite hostname="DESKTOP-L9U8SE4" failures="0" tests="4" name="PageTest.ProductTest" time="10.354" errors="0" timestamp="2023-07-04T14:44:05 IST" skipped="0">
  <testcase classname="PageTest.ProductTest" name="validateFilter" time="1.098"/>
  <system-out/>
  <testcase classname="PageTest.ProductTest" name="resetFilterValidation" time="0.991"/>
  <system-out/>
  <testcase classname="PageTest.ProductTest" name="sortingFilter" time="3.367"/>
  <system-out/>
  <testcase classname="PageTest.ProductTest" name="navToProduct" time="4.898"/>
  <system-out/>
</testsuite> <!-- PageTest.ProductTest -->
